This is pdfTeX, Version 3.14159265-2.6-1.40.17 (TeX Live 2016) (preloaded format=pdflatex 2017.1.11)  23 MAY 2017 16:36
entering extended mode
 restricted \write18 enabled.
 %&-line parsing enabled.
**"/Users/Kevin/stack/Master Thesis/Thesis/Thesis.tex"
(/Users/Kevin/stack/Master Thesis/Thesis/Thesis.tex
LaTeX2e <2016/03/31>
Babel <3.9r> and hyphenation patterns for 83 language(s) loaded.
(/Users/Kevin/stack/Master Thesis/Thesis/sigchi.cls (/usr/local/texlive/2016/te
xmf-dist/tex/latex/graphics/epsfig.sty
Package: epsfig 1999/02/16 v1.7a (e)psfig emulation (SPQR)
(/usr/local/texlive/2016/texmf-dist/tex/latex/graphics/graphicx.sty
Package: graphicx 2014/10/28 v1.0g Enhanced LaTeX Graphics (DPC,SPQR)
(/usr/local/texlive/2016/texmf-dist/tex/latex/graphics/keyval.sty
Package: keyval 2014/10/28 v1.15 key=value parser (DPC)
\KV@toks@=\toks14
) (/usr/local/texlive/2016/texmf-dist/tex/latex/graphics/graphics.sty
Package: graphics 2016/05/09 v1.0r Standard LaTeX Graphics (DPC,SPQR)
(/usr/local/texlive/2016/texmf-dist/tex/latex/graphics/trig.sty
Package: trig 2016/01/03 v1.10 sin cos tan (DPC)
) (/usr/local/texlive/2016/texmf-dist/tex/latex/graphics-cfg/graphics.cfg
File: graphics.cfg 2016/01/02 v1.10 sample graphics configuration
)
Package graphics Info: Driver file: pdftex.def on input line 96.
(/usr/local/texlive/2016/texmf-dist/tex/latex/pdftex-def/pdftex.def
File: pdftex.def 2011/05/27 v0.06d Graphics/color for pdfTeX
(/usr/local/texlive/2016/texmf-dist/tex/generic/oberdiek/infwarerr.sty
Package: infwarerr 2016/05/16 v1.4 Providing info/warning/error messages (HO)
) (/usr/local/texlive/2016/texmf-dist/tex/generic/oberdiek/ltxcmds.sty
Package: ltxcmds 2016/05/16 v1.23 LaTeX kernel commands for general use (HO)
)
\Gread@gobject=\count79
))
\Gin@req@height=\dimen102
\Gin@req@width=\dimen103
)
\epsfxsize=\dimen104
\epsfysize=\dimen105
) (/usr/local/texlive/2016/texmf-dist/tex/latex/amsfonts/amssymb.sty
Package: amssymb 2013/01/14 v3.01 AMS font symbols
(/usr/local/texlive/2016/texmf-dist/tex/latex/amsfonts/amsfonts.sty
Package: amsfonts 2013/01/14 v3.01 Basic AMSFonts support
\@emptytoks=\toks15
\symAMSa=\mathgroup4
\symAMSb=\mathgroup5
LaTeX Font Info:    Overwriting math alphabet `\mathfrak' in version `bold'
(Font)                  U/euf/m/n --> U/euf/b/n on input line 106.
)) (/usr/local/texlive/2016/texmf-dist/tex/latex/amsmath/amsmath.sty
Package: amsmath 2016/03/10 v2.15b AMS math features
\@mathmargin=\skip41
For additional information on amsmath, use the `?' option.
(/usr/local/texlive/2016/texmf-dist/tex/latex/amsmath/amstext.sty
Package: amstext 2000/06/29 v2.01 AMS text
(/usr/local/texlive/2016/texmf-dist/tex/latex/amsmath/amsgen.sty
File: amsgen.sty 1999/11/30 v2.0 generic functions
\@emptytoks=\toks16
\ex@=\dimen106
)) (/usr/local/texlive/2016/texmf-dist/tex/latex/amsmath/amsbsy.sty
Package: amsbsy 1999/11/29 v1.2d Bold Symbols
\pmbraise@=\dimen107
) (/usr/local/texlive/2016/texmf-dist/tex/latex/amsmath/amsopn.sty
Package: amsopn 2016/03/08 v2.02 operator names
)
\inf@bad=\count80
LaTeX Info: Redefining \frac on input line 199.
\uproot@=\count81
\leftroot@=\count82
LaTeX Info: Redefining \overline on input line 297.
\classnum@=\count83
\DOTSCASE@=\count84
LaTeX Info: Redefining \ldots on input line 394.
LaTeX Info: Redefining \dots on input line 397.
LaTeX Info: Redefining \cdots on input line 518.
\Mathstrutbox@=\box26
\strutbox@=\box27
\big@size=\dimen108
LaTeX Font Info:    Redeclaring font encoding OML on input line 634.
LaTeX Font Info:    Redeclaring font encoding OMS on input line 635.
\macc@depth=\count85
\c@MaxMatrixCols=\count86
\dotsspace@=\muskip10
\c@parentequation=\count87
\dspbrk@lvl=\count88
\tag@help=\toks17
\row@=\count89
\column@=\count90
\maxfields@=\count91
\andhelp@=\toks18
\eqnshift@=\dimen109
\alignsep@=\dimen110
\tagshift@=\dimen111
\tagwidth@=\dimen112
\totwidth@=\dimen113
\lineht@=\dimen114
\@envbody=\toks19
\multlinegap=\skip42
\multlinetaggap=\skip43
\mathdisplay@stack=\toks20
LaTeX Info: Redefining \[ on input line 2739.
LaTeX Info: Redefining \] on input line 2740.
)

Document Class SIGCHI
Available at https://github.com/sigchi.

- <May 11, 2016> Updated by Florian Heller to accept ACM copyright commands.
- <March 21, 2015> Updated by David A. Shamma for CHI 2016.
- <July 30, 2014> Updated for for 2014 by William Hudson and Jean-Daniel Fekete
.
- <October 19, 2010> Updated for 2011 by Manas Tungare.
Shamelessly copied from
- <September 7, 2000> Modified by Jan O. Borchers from `chiproceedings'
- <October 2, 2002> Modified by G.K.M. Tobin from `acm_proc_article-sp'
- <May 22, 1989> Hacked from `acmconf' 4/91 by shivers@cs.cmu.edu, 4/93 by theo
bald@cs.mcgill.ca
Excerpts were taken from (Journal Style) 'esub2acm.cls'.

\ACM@basesize=\count92
\footheight=\dimen115
\@maxsep=\dimen116
\@dblmaxsep=\dimen117
\aucount=\count93
\originalaucount=\count94
\auwidth=\dimen118
\auskip=\dimen119
\auskipcount=\count95
\auskip=\dimen120
\allauboxes=\dimen121
\addauthors=\toks21
\subtitletext=\toks22
\savesection=\count96
\sectioncntr=\count97
\c@figure=\count98
\c@table=\count99
\teaserspace=\skip44
\titleboxnotes=\toks23
\titleboxnoteflag=\count100
Document Class: sigchi 2011/06/06 - V0.16
(/usr/local/texlive/2016/texmf-dist/tex/latex/base/latexsym.sty
Package: latexsym 1998/08/17 v2.2e Standard LaTeX package (lasy symbols)
\symlasy=\mathgroup6
LaTeX Font Info:    Overwriting symbol font `lasy' in version `bold'
(Font)                  U/lasy/m/n --> U/lasy/b/n on input line 52.
)
\titlenotecount=\count101
\tntoks=\toks24
\tntokstwo=\toks25
\tntoksthree=\toks26
\tntoksfour=\toks27
\tntoksfive=\toks28
\catcount=\count102
\copyrightnotice=\toks29
\conf=\toks30
\confinfo=\toks31
\c@part=\count103
\c@section=\count104
\c@subsection=\count105
\c@subsubsection=\count106
\c@paragraph=\count107
Using 'Abbrev' bibliography style
\bibindent=\dimen122
\bibsep=\skip45
\colcntr=\count108
\savebox=\box28
\copyrtyr=\toks32
\acmcopyr=\toks33
\boilerplate=\toks34
(/usr/local/texlive/2016/texmf-dist/tex/latex/url/url.sty
\Urlmuskip=\muskip11
Package: url 2013/09/16  ver 3.4  Verb mode for urls, etc.
) (/Users/Kevin/stack/Master Thesis/Thesis/acmcopyright.sty
Package: acmcopyright 2014/06/29 v1.2 Copyright statemens for ACM classes
(/usr/local/texlive/2016/texmf-dist/tex/latex/xkeyval/xkeyval.sty
Package: xkeyval 2014/12/03 v2.7a package option processing (HA)
(/usr/local/texlive/2016/texmf-dist/tex/generic/xkeyval/xkeyval.tex (/usr/local
/texlive/2016/texmf-dist/tex/generic/xkeyval/xkvutils.tex
\XKV@toks=\toks35
\XKV@tempa@toks=\toks36
)
\XKV@depth=\count109
File: xkeyval.tex 2014/12/03 v2.7a key=value parser (HA)
)))
\copyrightetc=\toks37
(/usr/local/texlive/2016/texmf-dist/tex/latex/comment/comment.sty
\CommentStream=\write3
Excluding comment 'comment') Excluding comment 'CCSXML') (/usr/local/texlive/20
16/texmf-dist/tex/latex/preprint/balance.sty
Package: balance 1999/02/23 4.3 (PWD)
\oldvsize=\dimen123
) (/usr/local/texlive/2016/texmf-dist/tex/latex/base/fontenc.sty
Package: fontenc 2005/09/27 v1.99g Standard LaTeX package
(/usr/local/texlive/2016/texmf-dist/tex/latex/base/t1enc.def
File: t1enc.def 2005/09/27 v1.99g Standard LaTeX file
LaTeX Font Info:    Redeclaring font encoding T1 on input line 48.
)) (/usr/local/texlive/2016/texmf-dist/tex/latex/txfonts/txfonts.sty
Package: txfonts 2008/01/22 v3.2.1
LaTeX Font Info:    Redeclaring symbol font `operators' on input line 21.
LaTeX Font Info:    Overwriting symbol font `operators' in version `normal'
(Font)                  OT1/cmr/m/n --> OT1/txr/m/n on input line 21.
LaTeX Font Info:    Overwriting symbol font `operators' in version `bold'
(Font)                  OT1/cmr/bx/n --> OT1/txr/m/n on input line 21.
LaTeX Font Info:    Overwriting symbol font `operators' in version `bold'
(Font)                  OT1/txr/m/n --> OT1/txr/bx/n on input line 22.
\symitalic=\mathgroup7
LaTeX Font Info:    Overwriting symbol font `italic' in version `bold'
(Font)                  OT1/txr/m/it --> OT1/txr/bx/it on input line 26.
LaTeX Font Info:    Redeclaring math alphabet \mathbf on input line 29.
LaTeX Font Info:    Overwriting math alphabet `\mathbf' in version `normal'
(Font)                  OT1/cmr/bx/n --> OT1/txr/bx/n on input line 29.
LaTeX Font Info:    Overwriting math alphabet `\mathbf' in version `bold'
(Font)                  OT1/cmr/bx/n --> OT1/txr/bx/n on input line 29.
LaTeX Font Info:    Redeclaring math alphabet \mathit on input line 30.
LaTeX Font Info:    Overwriting math alphabet `\mathit' in version `normal'
(Font)                  OT1/cmr/m/it --> OT1/txr/m/it on input line 30.
LaTeX Font Info:    Overwriting math alphabet `\mathit' in version `bold'
(Font)                  OT1/cmr/bx/it --> OT1/txr/m/it on input line 30.
LaTeX Font Info:    Overwriting math alphabet `\mathit' in version `bold'
(Font)                  OT1/txr/m/it --> OT1/txr/bx/it on input line 31.
LaTeX Font Info:    Redeclaring math alphabet \mathsf on input line 40.
LaTeX Font Info:    Overwriting math alphabet `\mathsf' in version `normal'
(Font)                  OT1/cmss/m/n --> OT1/txss/m/n on input line 40.
LaTeX Font Info:    Overwriting math alphabet `\mathsf' in version `bold'
(Font)                  OT1/cmss/bx/n --> OT1/txss/m/n on input line 40.
LaTeX Font Info:    Overwriting math alphabet `\mathsf' in version `bold'
(Font)                  OT1/txss/m/n --> OT1/txss/b/n on input line 41.
LaTeX Font Info:    Redeclaring math alphabet \mathtt on input line 50.
LaTeX Font Info:    Overwriting math alphabet `\mathtt' in version `normal'
(Font)                  OT1/cmtt/m/n --> OT1/txtt/m/n on input line 50.
LaTeX Font Info:    Overwriting math alphabet `\mathtt' in version `bold'
(Font)                  OT1/cmtt/m/n --> OT1/txtt/m/n on input line 50.
LaTeX Font Info:    Overwriting math alphabet `\mathtt' in version `bold'
(Font)                  OT1/txtt/m/n --> OT1/txtt/b/n on input line 51.
LaTeX Font Info:    Redeclaring symbol font `letters' on input line 58.
LaTeX Font Info:    Overwriting symbol font `letters' in version `normal'
(Font)                  OML/cmm/m/it --> OML/txmi/m/it on input line 58.
LaTeX Font Info:    Overwriting symbol font `letters' in version `bold'
(Font)                  OML/cmm/b/it --> OML/txmi/m/it on input line 58.
LaTeX Font Info:    Overwriting symbol font `letters' in version `bold'
(Font)                  OML/txmi/m/it --> OML/txmi/bx/it on input line 59.
\symlettersA=\mathgroup8
LaTeX Font Info:    Overwriting symbol font `lettersA' in version `bold'
(Font)                  U/txmia/m/it --> U/txmia/bx/it on input line 67.
LaTeX Font Info:    Redeclaring math alphabet \mathfrak on input line 70.
LaTeX Font Info:    Redeclaring symbol font `symbols' on input line 77.
LaTeX Font Info:    Overwriting symbol font `symbols' in version `normal'
(Font)                  OMS/cmsy/m/n --> OMS/txsy/m/n on input line 77.
LaTeX Font Info:    Overwriting symbol font `symbols' in version `bold'
(Font)                  OMS/cmsy/b/n --> OMS/txsy/m/n on input line 77.
LaTeX Font Info:    Overwriting symbol font `symbols' in version `bold'
(Font)                  OMS/txsy/m/n --> OMS/txsy/bx/n on input line 78.
LaTeX Font Info:    Redeclaring symbol font `AMSa' on input line 93.
LaTeX Font Info:    Overwriting symbol font `AMSa' in version `normal'
(Font)                  U/msa/m/n --> U/txsya/m/n on input line 93.
LaTeX Font Info:    Overwriting symbol font `AMSa' in version `bold'
(Font)                  U/msa/m/n --> U/txsya/m/n on input line 93.
LaTeX Font Info:    Overwriting symbol font `AMSa' in version `bold'
(Font)                  U/txsya/m/n --> U/txsya/bx/n on input line 94.
LaTeX Font Info:    Redeclaring symbol font `AMSb' on input line 102.
LaTeX Font Info:    Overwriting symbol font `AMSb' in version `normal'
(Font)                  U/msb/m/n --> U/txsyb/m/n on input line 102.
LaTeX Font Info:    Overwriting symbol font `AMSb' in version `bold'
(Font)                  U/msb/m/n --> U/txsyb/m/n on input line 102.
LaTeX Font Info:    Overwriting symbol font `AMSb' in version `bold'
(Font)                  U/txsyb/m/n --> U/txsyb/bx/n on input line 103.
\symsymbolsC=\mathgroup9
LaTeX Font Info:    Overwriting symbol font `symbolsC' in version `bold'
(Font)                  U/txsyc/m/n --> U/txsyc/bx/n on input line 113.
LaTeX Font Info:    Redeclaring symbol font `largesymbols' on input line 120.
LaTeX Font Info:    Overwriting symbol font `largesymbols' in version `normal'
(Font)                  OMX/cmex/m/n --> OMX/txex/m/n on input line 120.
LaTeX Font Info:    Overwriting symbol font `largesymbols' in version `bold'
(Font)                  OMX/cmex/m/n --> OMX/txex/m/n on input line 120.
LaTeX Font Info:    Overwriting symbol font `largesymbols' in version `bold'
(Font)                  OMX/txex/m/n --> OMX/txex/bx/n on input line 121.
\symlargesymbolsA=\mathgroup10
LaTeX Font Info:    Overwriting symbol font `largesymbolsA' in version `bold'
(Font)                  U/txexa/m/n --> U/txexa/bx/n on input line 129.
LaTeX Info: Redefining \not on input line 1043.
) (/usr/local/texlive/2016/texmf-dist/tex/latex/psnfss/mathptmx.sty
Package: mathptmx 2005/04/12 PSNFSS-v9.2a Times w/ Math, improved (SPQR, WaS) 
LaTeX Font Info:    Redeclaring symbol font `operators' on input line 28.
LaTeX Font Info:    Overwriting symbol font `operators' in version `normal'
(Font)                  OT1/txr/m/n --> OT1/ztmcm/m/n on input line 28.
LaTeX Font Info:    Overwriting symbol font `operators' in version `bold'
(Font)                  OT1/txr/bx/n --> OT1/ztmcm/m/n on input line 28.
LaTeX Font Info:    Redeclaring symbol font `letters' on input line 29.
LaTeX Font Info:    Overwriting symbol font `letters' in version `normal'
(Font)                  OML/txmi/m/it --> OML/ztmcm/m/it on input line 29.
LaTeX Font Info:    Overwriting symbol font `letters' in version `bold'
(Font)                  OML/txmi/bx/it --> OML/ztmcm/m/it on input line 29.
LaTeX Font Info:    Redeclaring symbol font `symbols' on input line 30.
LaTeX Font Info:    Overwriting symbol font `symbols' in version `normal'
(Font)                  OMS/txsy/m/n --> OMS/ztmcm/m/n on input line 30.
LaTeX Font Info:    Overwriting symbol font `symbols' in version `bold'
(Font)                  OMS/txsy/bx/n --> OMS/ztmcm/m/n on input line 30.
LaTeX Font Info:    Redeclaring symbol font `largesymbols' on input line 31.
LaTeX Font Info:    Overwriting symbol font `largesymbols' in version `normal'
(Font)                  OMX/txex/m/n --> OMX/ztmcm/m/n on input line 31.
LaTeX Font Info:    Overwriting symbol font `largesymbols' in version `bold'
(Font)                  OMX/txex/bx/n --> OMX/ztmcm/m/n on input line 31.
\symbold=\mathgroup11
LaTeX Font Info:    Redeclaring symbol font `italic' on input line 33.
LaTeX Font Info:    Overwriting symbol font `italic' in version `normal'
(Font)                  OT1/txr/m/it --> OT1/ptm/m/it on input line 33.
LaTeX Font Info:    Overwriting symbol font `italic' in version `bold'
(Font)                  OT1/txr/bx/it --> OT1/ptm/m/it on input line 33.
LaTeX Font Info:    Redeclaring math alphabet \mathbf on input line 34.
LaTeX Font Info:    Overwriting math alphabet `\mathbf' in version `normal'
(Font)                  OT1/txr/bx/n --> OT1/ptm/bx/n on input line 34.
LaTeX Font Info:    Overwriting math alphabet `\mathbf' in version `bold'
(Font)                  OT1/txr/bx/n --> OT1/ptm/bx/n on input line 34.
LaTeX Font Info:    Redeclaring math alphabet \mathit on input line 35.
LaTeX Font Info:    Overwriting math alphabet `\mathit' in version `normal'
(Font)                  OT1/txr/m/it --> OT1/ptm/m/it on input line 35.
LaTeX Font Info:    Overwriting math alphabet `\mathit' in version `bold'
(Font)                  OT1/txr/bx/it --> OT1/ptm/m/it on input line 35.
LaTeX Info: Redefining \hbar on input line 50.
) (/usr/local/texlive/2016/texmf-dist/tex/latex/hyperref/hyperref.sty
Package: hyperref 2016/05/05 v6.83n Hypertext links for LaTeX
(/usr/local/texlive/2016/texmf-dist/tex/generic/oberdiek/hobsub-hyperref.sty
Package: hobsub-hyperref 2016/05/16 v1.14 Bundle oberdiek, subset hyperref (HO)

(/usr/local/texlive/2016/texmf-dist/tex/generic/oberdiek/hobsub-generic.sty
Package: hobsub-generic 2016/05/16 v1.14 Bundle oberdiek, subset generic (HO)
Package: hobsub 2016/05/16 v1.14 Construct package bundles (HO)
Package hobsub Info: Skipping package `infwarerr' (already loaded).
Package hobsub Info: Skipping package `ltxcmds' (already loaded).
Package: ifluatex 2016/05/16 v1.4 Provides the ifluatex switch (HO)
Package ifluatex Info: LuaTeX not detected.
Package: ifvtex 2016/05/16 v1.6 Detect VTeX and its facilities (HO)
Package ifvtex Info: VTeX not detected.
Package: intcalc 2016/05/16 v1.2 Expandable calculations with integers (HO)
Package: ifpdf 2016/05/14 v3.1 Provides the ifpdf switch
Package: etexcmds 2016/05/16 v1.6 Avoid name clashes with e-TeX commands (HO)
Package etexcmds Info: Could not find \expanded.
(etexcmds)             That can mean that you are not using pdfTeX 1.50 or
(etexcmds)             that some package has redefined \expanded.
(etexcmds)             In the latter case, load this package earlier.
Package: kvsetkeys 2016/05/16 v1.17 Key value parser (HO)
Package: kvdefinekeys 2016/05/16 v1.4 Define keys (HO)
Package: pdftexcmds 2016/05/10 v0.21 Utility functions of pdfTeX for LuaTeX (HO
)
Package pdftexcmds Info: LuaTeX not detected.
Package pdftexcmds Info: \pdf@primitive is available.
Package pdftexcmds Info: \pdf@ifprimitive is available.
Package pdftexcmds Info: \pdfdraftmode found.
Package: pdfescape 2016/05/16 v1.14 Implements pdfTeX's escape features (HO)
Package: bigintcalc 2016/05/16 v1.4 Expandable calculations on big integers (HO
)
Package: bitset 2016/05/16 v1.2 Handle bit-vector datatype (HO)
Package: uniquecounter 2016/05/16 v1.3 Provide unlimited unique counter (HO)
)
Package hobsub Info: Skipping package `hobsub' (already loaded).
Package: letltxmacro 2016/05/16 v1.5 Let assignment for LaTeX macros (HO)
Package: hopatch 2016/05/16 v1.3 Wrapper for package hooks (HO)
Package: xcolor-patch 2016/05/16 xcolor patch
Package: atveryend 2016/05/16 v1.9 Hooks at the very end of document (HO)
Package atveryend Info: \enddocument detected (standard20110627).
Package: atbegshi 2016/05/16 v1.17 At begin shipout hook (HO)
Package: refcount 2016/05/16 v3.5 Data extraction from label references (HO)
Package: hycolor 2016/05/16 v1.8 Color options for hyperref/bookmark (HO)
) (/usr/local/texlive/2016/texmf-dist/tex/generic/ifxetex/ifxetex.sty
Package: ifxetex 2010/09/12 v0.6 Provides ifxetex conditional
) (/usr/local/texlive/2016/texmf-dist/tex/latex/oberdiek/auxhook.sty
Package: auxhook 2016/05/16 v1.4 Hooks for auxiliary files (HO)
) (/usr/local/texlive/2016/texmf-dist/tex/latex/oberdiek/kvoptions.sty
Package: kvoptions 2016/05/16 v3.12 Key value format for package options (HO)
)
\@linkdim=\dimen124
\Hy@linkcounter=\count110
\Hy@pagecounter=\count111
(/usr/local/texlive/2016/texmf-dist/tex/latex/hyperref/pd1enc.def
File: pd1enc.def 2016/05/05 v6.83n Hyperref: PDFDocEncoding definition (HO)
)
\Hy@SavedSpaceFactor=\count112
(/usr/local/texlive/2016/texmf-dist/tex/latex/latexconfig/hyperref.cfg
File: hyperref.cfg 2002/06/06 v1.2 hyperref configuration of TeXLive
)
Package hyperref Info: Hyper figures OFF on input line 4446.
Package hyperref Info: Link nesting OFF on input line 4451.
Package hyperref Info: Hyper index ON on input line 4454.
Package hyperref Info: Plain pages OFF on input line 4461.
Package hyperref Info: Backreferencing OFF on input line 4466.
Package hyperref Info: Implicit mode ON; LaTeX internals redefined.
Package hyperref Info: Bookmarks ON on input line 4691.
\c@Hy@tempcnt=\count113
LaTeX Info: Redefining \url on input line 5044.
\XeTeXLinkMargin=\dimen125
\Fld@menulength=\count114
\Field@Width=\dimen126
\Fld@charsize=\dimen127
Package hyperref Info: Hyper figures OFF on input line 6298.
Package hyperref Info: Link nesting OFF on input line 6303.
Package hyperref Info: Hyper index ON on input line 6306.
Package hyperref Info: backreferencing OFF on input line 6313.
Package hyperref Info: Link coloring OFF on input line 6318.
Package hyperref Info: Link coloring with OCG OFF on input line 6323.
Package hyperref Info: PDF/A mode OFF on input line 6328.
LaTeX Info: Redefining \ref on input line 6368.
LaTeX Info: Redefining \pageref on input line 6372.

Package hyperref Warning: Option `pdfpagelabels' is turned off
(hyperref)                because \thepage is undefined.

\c@Item=\count115
\c@Hfootnote=\count116
)

Package hyperref Message: Driver: hpdftex.

(/usr/local/texlive/2016/texmf-dist/tex/latex/hyperref/hpdftex.def
File: hpdftex.def 2016/05/05 v6.83n Hyperref driver for pdfTeX
\Fld@listcount=\count117
\c@bookmark@seq@number=\count118
(/usr/local/texlive/2016/texmf-dist/tex/latex/oberdiek/rerunfilecheck.sty
Package: rerunfilecheck 2016/05/16 v1.8 Rerun checks for auxiliary files (HO)
Package uniquecounter Info: New unique counter `rerunfilecheck' on input line 2
82.
)
\Hy@SectionHShift=\skip46
) (/usr/local/texlive/2016/texmf-dist/tex/latex/graphics/color.sty
Package: color 2016/05/09 v1.1c Standard LaTeX Color (DPC)
(/usr/local/texlive/2016/texmf-dist/tex/latex/graphics-cfg/color.cfg
File: color.cfg 2016/01/02 v1.6 sample color configuration
)
Package color Info: Driver file: pdftex.def on input line 144.
) (/usr/local/texlive/2016/texmf-dist/tex/latex/tools/tabularx.sty
Package: tabularx 2016/02/03 v2.11 `tabularx' package (DPC)
(/usr/local/texlive/2016/texmf-dist/tex/latex/tools/array.sty
Package: array 2014/10/28 v2.4c Tabular extension package (FMi)
\col@sep=\dimen128
\extrarowheight=\dimen129
\NC@list=\toks38
\extratabsurround=\skip47
\backup@length=\skip48
)
\TX@col@width=\dimen130
\TX@old@table=\dimen131
\TX@old@col=\dimen132
\TX@target=\dimen133
\TX@delta=\dimen134
\TX@cols=\count119
\TX@ftn=\toks39
) (/usr/local/texlive/2016/texmf-dist/tex/latex/booktabs/booktabs.sty
Package: booktabs 2016/04/27 v1.618033 publication quality tables
\heavyrulewidth=\dimen135
\lightrulewidth=\dimen136
\cmidrulewidth=\dimen137
\belowrulesep=\dimen138
\belowbottomsep=\dimen139
\aboverulesep=\dimen140
\abovetopsep=\dimen141
\cmidrulesep=\dimen142
\cmidrulekern=\dimen143
\defaultaddspace=\dimen144
\@cmidla=\count120
\@cmidlb=\count121
\@aboverulesep=\dimen145
\@belowrulesep=\dimen146
\@thisruleclass=\count122
\@lastruleclass=\count123
\@thisrulewidth=\dimen147
) (/usr/local/texlive/2016/texmf-dist/tex/latex/base/textcomp.sty
Package: textcomp 2005/09/27 v1.99g Standard LaTeX package
Package textcomp Info: Sub-encoding information:
(textcomp)               5 = only ISO-Adobe without \textcurrency
(textcomp)               4 = 5 + \texteuro
(textcomp)               3 = 4 + \textohm
(textcomp)               2 = 3 + \textestimated + \textcurrency
(textcomp)               1 = TS1 - \textcircled - \t
(textcomp)               0 = TS1 (full)
(textcomp)             Font families with sub-encoding setting implement
(textcomp)             only a restricted character set as indicated.
(textcomp)             Family '?' is the default used for unknown fonts.
(textcomp)             See the documentation for details.
Package textcomp Info: Setting ? sub-encoding to TS1/1 on input line 79.
(/usr/local/texlive/2016/texmf-dist/tex/latex/base/ts1enc.def
File: ts1enc.def 2001/06/05 v3.0e (jk/car/fm) Standard LaTeX file
)
LaTeX Info: Redefining \oldstylenums on input line 334.
Package textcomp Info: Setting cmr sub-encoding to TS1/0 on input line 349.
Package textcomp Info: Setting cmss sub-encoding to TS1/0 on input line 350.
Package textcomp Info: Setting cmtt sub-encoding to TS1/0 on input line 351.
Package textcomp Info: Setting cmvtt sub-encoding to TS1/0 on input line 352.
Package textcomp Info: Setting cmbr sub-encoding to TS1/0 on input line 353.
Package textcomp Info: Setting cmtl sub-encoding to TS1/0 on input line 354.
Package textcomp Info: Setting ccr sub-encoding to TS1/0 on input line 355.
Package textcomp Info: Setting ptm sub-encoding to TS1/4 on input line 356.
Package textcomp Info: Setting pcr sub-encoding to TS1/4 on input line 357.
Package textcomp Info: Setting phv sub-encoding to TS1/4 on input line 358.
Package textcomp Info: Setting ppl sub-encoding to TS1/3 on input line 359.
Package textcomp Info: Setting pag sub-encoding to TS1/4 on input line 360.
Package textcomp Info: Setting pbk sub-encoding to TS1/4 on input line 361.
Package textcomp Info: Setting pnc sub-encoding to TS1/4 on input line 362.
Package textcomp Info: Setting pzc sub-encoding to TS1/4 on input line 363.
Package textcomp Info: Setting bch sub-encoding to TS1/4 on input line 364.
Package textcomp Info: Setting put sub-encoding to TS1/5 on input line 365.
Package textcomp Info: Setting uag sub-encoding to TS1/5 on input line 366.
Package textcomp Info: Setting ugq sub-encoding to TS1/5 on input line 367.
Package textcomp Info: Setting ul8 sub-encoding to TS1/4 on input line 368.
Package textcomp Info: Setting ul9 sub-encoding to TS1/4 on input line 369.
Package textcomp Info: Setting augie sub-encoding to TS1/5 on input line 370.
Package textcomp Info: Setting dayrom sub-encoding to TS1/3 on input line 371.
Package textcomp Info: Setting dayroms sub-encoding to TS1/3 on input line 372.

Package textcomp Info: Setting pxr sub-encoding to TS1/0 on input line 373.
Package textcomp Info: Setting pxss sub-encoding to TS1/0 on input line 374.
Package textcomp Info: Setting pxtt sub-encoding to TS1/0 on input line 375.
Package textcomp Info: Setting txr sub-encoding to TS1/0 on input line 376.
Package textcomp Info: Setting txss sub-encoding to TS1/0 on input line 377.
Package textcomp Info: Setting txtt sub-encoding to TS1/0 on input line 378.
Package textcomp Info: Setting lmr sub-encoding to TS1/0 on input line 379.
Package textcomp Info: Setting lmdh sub-encoding to TS1/0 on input line 380.
Package textcomp Info: Setting lmss sub-encoding to TS1/0 on input line 381.
Package textcomp Info: Setting lmssq sub-encoding to TS1/0 on input line 382.
Package textcomp Info: Setting lmvtt sub-encoding to TS1/0 on input line 383.
Package textcomp Info: Setting lmtt sub-encoding to TS1/0 on input line 384.
Package textcomp Info: Setting qhv sub-encoding to TS1/0 on input line 385.
Package textcomp Info: Setting qag sub-encoding to TS1/0 on input line 386.
Package textcomp Info: Setting qbk sub-encoding to TS1/0 on input line 387.
Package textcomp Info: Setting qcr sub-encoding to TS1/0 on input line 388.
Package textcomp Info: Setting qcs sub-encoding to TS1/0 on input line 389.
Package textcomp Info: Setting qpl sub-encoding to TS1/0 on input line 390.
Package textcomp Info: Setting qtm sub-encoding to TS1/0 on input line 391.
Package textcomp Info: Setting qzc sub-encoding to TS1/0 on input line 392.
Package textcomp Info: Setting qhvc sub-encoding to TS1/0 on input line 393.
Package textcomp Info: Setting futs sub-encoding to TS1/4 on input line 394.
Package textcomp Info: Setting futx sub-encoding to TS1/4 on input line 395.
Package textcomp Info: Setting futj sub-encoding to TS1/4 on input line 396.
Package textcomp Info: Setting hlh sub-encoding to TS1/3 on input line 397.
Package textcomp Info: Setting hls sub-encoding to TS1/3 on input line 398.
Package textcomp Info: Setting hlst sub-encoding to TS1/3 on input line 399.
Package textcomp Info: Setting hlct sub-encoding to TS1/5 on input line 400.
Package textcomp Info: Setting hlx sub-encoding to TS1/5 on input line 401.
Package textcomp Info: Setting hlce sub-encoding to TS1/5 on input line 402.
Package textcomp Info: Setting hlcn sub-encoding to TS1/5 on input line 403.
Package textcomp Info: Setting hlcw sub-encoding to TS1/5 on input line 404.
Package textcomp Info: Setting hlcf sub-encoding to TS1/5 on input line 405.
Package textcomp Info: Setting pplx sub-encoding to TS1/3 on input line 406.
Package textcomp Info: Setting pplj sub-encoding to TS1/3 on input line 407.
Package textcomp Info: Setting ptmx sub-encoding to TS1/4 on input line 408.
Package textcomp Info: Setting ptmj sub-encoding to TS1/4 on input line 409.
) (/usr/local/texlive/2016/texmf-dist/tex/latex/caption/subcaption.sty
Package: subcaption 2016/02/20 v1.1-142 Sub-captions (AR)
(/usr/local/texlive/2016/texmf-dist/tex/latex/caption/caption.sty
Package: caption 2016/02/21 v3.3-144 Customizing captions (AR)
(/usr/local/texlive/2016/texmf-dist/tex/latex/caption/caption3.sty
Package: caption3 2016/02/04 v1.7-139 caption3 kernel (AR)
Package caption3 Info: TeX engine: e-TeX on input line 67.
\captionmargin=\dimen148
\captionmargin@=\dimen149
\captionwidth=\dimen150
\caption@tempdima=\dimen151
\caption@indent=\dimen152
\caption@parindent=\dimen153
\caption@hangindent=\dimen154
\abovecaptionskip=\skip49
\belowcaptionskip=\skip50
Package caption Info: Unknown document class (or package),
(caption)             standard defaults will be used.
)

Package caption Warning: Unsupported document class (or package) detected,
(caption)                usage of the caption package is not recommended.
See the caption package documentation for explanation.

Package caption Info: \@makecaption = \long macro:#1#2-> \vskip 2pt \setbox \@t
empboxa \hbox {\small \textbf {#1. #2}} \ifdim \wd \@tempboxa >\hsize \small \t
extbf {#1. #2}\par \else \hbox to\hsize {\hfil \box \@tempboxa \hfil }\par \fi 
.
\c@ContinuedFloat=\count124
Package caption Info: hyperref package is loaded.
)
\c@subfigure=\count125
\c@subtable=\count126
) (/usr/local/texlive/2016/texmf-dist/tex/latex/appendix/appendix.sty
Package: appendix 2009/09/02 v1.2b extra appendix facilities
\c@@pps=\count127
\c@@ppsavesec=\count128
\c@@ppsaveapp=\count129
) (/usr/local/texlive/2016/texmf-dist/tex/latex/enumitem/enumitem.sty
Package: enumitem 2011/09/28 v3.5.2 Customized lists
\labelindent=\skip51
\enit@outerparindent=\dimen155
\enit@toks=\toks40
\enit@inbox=\box29
\enitdp@description=\count130
) (/usr/local/texlive/2016/texmf-dist/tex/latex/float/float.sty
Package: float 2001/11/08 v1.3d Float enhancements (AL)
\c@float@type=\count131
\float@exts=\toks41
\float@box=\box30
\@float@everytoks=\toks42
\@floatcapt=\box31
) (/usr/local/texlive/2016/texmf-dist/tex/latex/microtype/microtype.sty
Package: microtype 2016/05/14 v2.6a Micro-typographical refinements (RS)
\MT@toks=\toks43
\MT@count=\count132
LaTeX Info: Redefining \textls on input line 774.
\MT@outer@kern=\dimen156
LaTeX Info: Redefining \textmicrotypecontext on input line 1310.
\MT@listname@count=\count133
(/usr/local/texlive/2016/texmf-dist/tex/latex/microtype/microtype-pdftex.def
File: microtype-pdftex.def 2016/05/14 v2.6a Definitions specific to pdftex (RS)

LaTeX Info: Redefining \lsstyle on input line 916.
LaTeX Info: Redefining \lslig on input line 916.
\MT@outer@space=\skip52
)
Package microtype Info: Loading configuration file microtype.cfg.
(/usr/local/texlive/2016/texmf-dist/tex/latex/microtype/microtype.cfg
File: microtype.cfg 2016/05/14 v2.6a microtype main configuration file (RS)
)) (/usr/local/texlive/2016/texmf-dist/tex/latex/ccicons/ccicons.sty
Package: ccicons 2013/04/16 v1.5 LaTeX support for Creative Commons icons
) (/usr/local/texlive/2016/texmf-dist/tex/latex/xcolor/xcolor.sty
Package: xcolor 2016/05/11 v2.12 LaTeX color extensions (UK)
(/usr/local/texlive/2016/texmf-dist/tex/latex/graphics-cfg/color.cfg
File: color.cfg 2016/01/02 v1.6 sample color configuration
)
Package xcolor Info: Driver file: pdftex.def on input line 225.
(/usr/local/texlive/2016/texmf-dist/tex/latex/colortbl/colortbl.sty
Package: colortbl 2012/02/13 v1.0a Color table columns (DPC)
\everycr=\toks44
\minrowclearance=\skip53
)
LaTeX Info: Redefining \color on input line 709.
\rownum=\count134
Package xcolor Info: Model `cmy' substituted by `cmy0' on input line 1348.
Package xcolor Info: Model `hsb' substituted by `rgb' on input line 1352.
Package xcolor Info: Model `RGB' extended on input line 1364.
Package xcolor Info: Model `HTML' substituted by `rgb' on input line 1366.
Package xcolor Info: Model `Hsb' substituted by `hsb' on input line 1367.
Package xcolor Info: Model `tHsb' substituted by `hsb' on input line 1368.
Package xcolor Info: Model `HSB' substituted by `hsb' on input line 1369.
Package xcolor Info: Model `Gray' substituted by `gray' on input line 1370.
Package xcolor Info: Model `wave' substituted by `hsb' on input line 1371.
)
(/usr/local/texlive/2016/texmf-dist/tex/latex/threeparttable/threeparttable.sty
Package: threeparttable 2003/06/13  v 3.0
\@tempboxb=\box32
)
\c@hypothesis=\count135
\c@nullhypothesis=\count136
Package hyperref Info: Option `pdfdisplaydoctitle' set `true' on input line 150
.
Package hyperref Info: Option `bookmarksnumbered' set `true' on input line 150.

Package hyperref Info: Option `colorlinks' set `true' on input line 150.
Package hyperref Info: Option `breaklinks' set `true' on input line 150.
Package hyperref Info: Option `hypertexnames' set `false' on input line 150.
(/Users/Kevin/stack/Master Thesis/Thesis/Thesis.aux)
\openout1 = `Thesis.aux'.

LaTeX Font Info:    Checking defaults for OML/txmi/m/it on input line 156.
LaTeX Font Info:    Try loading font information for OML+txmi on input line 156
.
(/usr/local/texlive/2016/texmf-dist/tex/latex/txfonts/omltxmi.fd
File: omltxmi.fd 2000/12/15 v3.1
)
LaTeX Font Info:    ... okay on input line 156.
LaTeX Font Info:    Checking defaults for T1/cmr/m/n on input line 156.
LaTeX Font Info:    ... okay on input line 156.
LaTeX Font Info:    Checking defaults for OT1/cmr/m/n on input line 156.
LaTeX Font Info:    ... okay on input line 156.
LaTeX Font Info:    Checking defaults for OMS/txsy/m/n on input line 156.
LaTeX Font Info:    Try loading font information for OMS+txsy on input line 156
.
(/usr/local/texlive/2016/texmf-dist/tex/latex/txfonts/omstxsy.fd
File: omstxsy.fd 2000/12/15 v3.1
)
LaTeX Font Info:    ... okay on input line 156.
LaTeX Font Info:    Checking defaults for OMX/txex/m/n on input line 156.
LaTeX Font Info:    Try loading font information for OMX+txex on input line 156
.
(/usr/local/texlive/2016/texmf-dist/tex/latex/txfonts/omxtxex.fd
File: omxtxex.fd 2000/12/15 v3.1
)
LaTeX Font Info:    ... okay on input line 156.
LaTeX Font Info:    Checking defaults for U/txexa/m/n on input line 156.
LaTeX Font Info:    Try loading font information for U+txexa on input line 156.

(/usr/local/texlive/2016/texmf-dist/tex/latex/txfonts/utxexa.fd
File: utxexa.fd 2000/12/15 v3.1
)
LaTeX Font Info:    ... okay on input line 156.
LaTeX Font Info:    Checking defaults for PD1/pdf/m/n on input line 156.
LaTeX Font Info:    ... okay on input line 156.
LaTeX Font Info:    Checking defaults for TS1/cmr/m/n on input line 156.
LaTeX Font Info:    Try loading font information for TS1+cmr on input line 156.

(/usr/local/texlive/2016/texmf-dist/tex/latex/base/ts1cmr.fd
File: ts1cmr.fd 2014/09/29 v2.5h Standard LaTeX font definitions
)
LaTeX Font Info:    ... okay on input line 156.
LaTeX Font Info:    Try loading font information for T1+ptm on input line 156.
(/usr/local/texlive/2016/texmf-dist/tex/latex/psnfss/t1ptm.fd
File: t1ptm.fd 2001/06/04 font definitions for T1/ptm.
) (/usr/local/texlive/2016/texmf-dist/tex/context/base/mkii/supp-pdf.mkii
[Loading MPS to PDF converter (version 2006.09.02).]
\scratchcounter=\count137
\scratchdimen=\dimen157
\scratchbox=\box33
\nofMPsegments=\count138
\nofMParguments=\count139
\everyMPshowfont=\toks45
\MPscratchCnt=\count140
\MPscratchDim=\dimen158
\MPnumerator=\count141
\makeMPintoPDFobject=\count142
\everyMPtoPDFconversion=\toks46
) (/usr/local/texlive/2016/texmf-dist/tex/latex/oberdiek/epstopdf-base.sty
Package: epstopdf-base 2016/05/15 v2.6 Base part for package epstopdf
(/usr/local/texlive/2016/texmf-dist/tex/latex/oberdiek/grfext.sty
Package: grfext 2016/05/16 v1.2 Manage graphics extensions (HO)
)
Package grfext Info: Graphics extension search list:
(grfext)             [.png,.pdf,.jpg,.mps,.jpeg,.jbig2,.jb2,.PNG,.PDF,.JPG,.JPE
G,.JBIG2,.JB2,.eps]
(grfext)             \AppendGraphicsExtensions on input line 456.
(/usr/local/texlive/2016/texmf-dist/tex/latex/latexconfig/epstopdf-sys.cfg
File: epstopdf-sys.cfg 2010/07/13 v1.3 Configuration of (r)epstopdf for TeX Liv
e
))
\AtBeginShipoutBox=\box34
Package hyperref Info: Link coloring ON on input line 156.
(/usr/local/texlive/2016/texmf-dist/tex/latex/hyperref/nameref.sty
Package: nameref 2012/10/27 v2.43 Cross-referencing by name of section
(/usr/local/texlive/2016/texmf-dist/tex/generic/oberdiek/gettitlestring.sty
Package: gettitlestring 2016/05/16 v1.5 Cleanup title references (HO)
)
\c@section@level=\count143
)
LaTeX Info: Redefining \ref on input line 156.
LaTeX Info: Redefining \pageref on input line 156.
LaTeX Info: Redefining \nameref on input line 156.
(/Users/Kevin/stack/Master Thesis/Thesis/Thesis.out) (/Users/Kevin/stack/Master
 Thesis/Thesis/Thesis.out)
\@outlinefile=\write4
\openout4 = `Thesis.out'.

Package caption Info: Begin \AtBeginDocument code.
Package caption Info: float package is loaded.
Package caption Info: threeparttable package is loaded.
Package caption Info: End \AtBeginDocument code.
LaTeX Info: Redefining \microtypecontext on input line 156.
Package microtype Info: Generating PDF output.
Package microtype Info: Character protrusion enabled (level 2).
Package microtype Info: Using default protrusion set `alltext'.
Package microtype Info: Automatic font expansion enabled (level 2),
(microtype)             stretch: 20, shrink: 20, step: 1, non-selected.
Package microtype Info: Using default expansion set `basictext'.
Package microtype Info: No adjustment of tracking.
Package microtype Info: No adjustment of interword spacing.
Package microtype Info: No adjustment of character kerning.
(/usr/local/texlive/2016/texmf-dist/tex/latex/microtype/mt-ptm.cfg
File: mt-ptm.cfg 2006/04/20 v1.7 microtype config. file: Times (RS)
)
LaTeX Font Info:    Try loading font information for OT1+ztmcm on input line 16
8.
(/usr/local/texlive/2016/texmf-dist/tex/latex/psnfss/ot1ztmcm.fd
File: ot1ztmcm.fd 2000/01/03 Fontinst v1.801 font definitions for OT1/ztmcm.
)
Package microtype Info: Loading generic settings for font family
(microtype)             `ztmcm' (encoding: OT1).
(microtype)             For optimal results, create family-specific settings.
(microtype)             See the microtype manual for details.
LaTeX Font Info:    Try loading font information for OML+ztmcm on input line 16
8.
(/usr/local/texlive/2016/texmf-dist/tex/latex/psnfss/omlztmcm.fd
File: omlztmcm.fd 2000/01/03 Fontinst v1.801 font definitions for OML/ztmcm.
)
LaTeX Font Info:    Try loading font information for OMS+ztmcm on input line 16
8.
(/usr/local/texlive/2016/texmf-dist/tex/latex/psnfss/omsztmcm.fd
File: omsztmcm.fd 2000/01/03 Fontinst v1.801 font definitions for OMS/ztmcm.
)
LaTeX Font Info:    Try loading font information for OMX+ztmcm on input line 16
8.
(/usr/local/texlive/2016/texmf-dist/tex/latex/psnfss/omxztmcm.fd
File: omxztmcm.fd 2000/01/03 Fontinst v1.801 font definitions for OMX/ztmcm.
)
LaTeX Font Info:    Try loading font information for U+txsya on input line 168.

(/usr/local/texlive/2016/texmf-dist/tex/latex/txfonts/utxsya.fd
File: utxsya.fd 2000/12/15 v3.1
)
LaTeX Font Info:    Try loading font information for U+txsyb on input line 168.

(/usr/local/texlive/2016/texmf-dist/tex/latex/txfonts/utxsyb.fd
File: utxsyb.fd 2000/12/15 v3.1
)
LaTeX Font Info:    Try loading font information for U+lasy on input line 168.
(/usr/local/texlive/2016/texmf-dist/tex/latex/base/ulasy.fd
File: ulasy.fd 1998/08/17 v2.2e LaTeX symbol font definitions
)
LaTeX Font Info:    Try loading font information for OT1+ptm on input line 168.

(/usr/local/texlive/2016/texmf-dist/tex/latex/psnfss/ot1ptm.fd
File: ot1ptm.fd 2001/06/04 font definitions for OT1/ptm.
)
LaTeX Font Info:    Try loading font information for U+txmia on input line 168.

(/usr/local/texlive/2016/texmf-dist/tex/latex/txfonts/utxmia.fd
File: utxmia.fd 2000/12/15 v3.1
)
LaTeX Font Info:    Try loading font information for U+txsyc on input line 168.

(/usr/local/texlive/2016/texmf-dist/tex/latex/txfonts/utxsyc.fd
File: utxsyc.fd 2000/12/15 v3.1
)
LaTeX Font Info:    Font shape `OT1/ptm/bx/n' in size <10> not available
(Font)              Font shape `OT1/ptm/b/n' tried instead on input line 168.
LaTeX Font Info:    Font shape `OT1/ptm/bx/n' in size <7.4> not available
(Font)              Font shape `OT1/ptm/b/n' tried instead on input line 168.
LaTeX Font Info:    Font shape `OT1/ptm/bx/n' in size <6> not available
(Font)              Font shape `OT1/ptm/b/n' tried instead on input line 168.

Overfull \hbox (5.79999pt too wide) in paragraph at lines 168--168
 [] 
 []

LaTeX Font Info:    Try loading font information for TS1+ptm on input line 168.

(/usr/local/texlive/2016/texmf-dist/tex/latex/psnfss/ts1ptm.fd
File: ts1ptm.fd 2001/06/04 font definitions for TS1/ptm.
)
LaTeX Font Info:    Font shape `T1/ptm/bx/n' in size <8> not available
(Font)              Font shape `T1/ptm/b/n' tried instead on input line 168.
LaTeX Font Info:    Try loading font information for T1+txtt on input line 168.

(/usr/local/texlive/2016/texmf-dist/tex/latex/txfonts/t1txtt.fd
File: t1txtt.fd 2000/12/15 v3.1
)
Package microtype Info: Loading generic settings for font family
(microtype)             `txtt' (encoding: T1).
(microtype)             For optimal results, create family-specific settings.
(microtype)             See the microtype manual for details.
LaTeX Font Info:    Font shape `OT1/ptm/bx/n' in size <8> not available
(Font)              Font shape `OT1/ptm/b/n' tried instead on input line 168.
LaTeX Font Info:    Font shape `OT1/ptm/bx/n' in size <5> not available
(Font)              Font shape `OT1/ptm/b/n' tried instead on input line 168.
[1{/usr/local/texlive/2016/texmf-var/fonts/map/pdftex/updmap/pdftex.map}

Non-PDF special ignored!

]
Package epstopdf Info: Source file: <images/PlutchikWheelOfEmotions.eps>
(epstopdf)                    date: 2017-05-22 14:19:31
(epstopdf)                    size: 493234 bytes
(epstopdf)             Output file: <images/PlutchikWheelOfEmotions-eps-convert
ed-to.pdf>
(epstopdf)                    date: 2017-05-22 14:21:47
(epstopdf)                    size: 450583 bytes
(epstopdf)             Command: <repstopdf --outfile=images/PlutchikWheelOfEmot
ions-eps-converted-to.pdf images/PlutchikWheelOfEmotions.eps>
(epstopdf)             \includegraphics on input line 217.
Package epstopdf Info: Output file is already uptodate.

<images/PlutchikWheelOfEmotions-eps-converted-to.pdf, id=178, 499.8675pt x 489.
83pt>
File: images/PlutchikWheelOfEmotions-eps-converted-to.pdf Graphic file (type pd
f)
<use images/PlutchikWheelOfEmotions-eps-converted-to.pdf>
Package pdftex.def Info: images/PlutchikWheelOfEmotions-eps-converted-to.pdf us
ed on input line 217.
(pdftex.def)             Requested size: 230.46574pt x 225.84024pt.
<images/CircumplexModel.jpg, id=187, 385.44pt x 296.7888pt>
File: images/CircumplexModel.jpg Graphic file (type jpg)
<use images/CircumplexModel.jpg>
Package pdftex.def Info: images/CircumplexModel.jpg used on input line 226.
(pdftex.def)             Requested size: 230.46574pt x 177.45876pt.

Underfull \vbox (badness 2253) has occurred while \output is active []

[2 </Users/Kevin/stack/Master Thesis/Thesis/images/PlutchikWheelOfEmotions-eps-
converted-to.pdf> </Users/Kevin/stack/Master Thesis/Thesis/images/CircumplexMod
el.jpg>]
Underfull \hbox (badness 10000) in paragraph at lines 275--276

 []


Underfull \hbox (badness 10000) in paragraph at lines 277--278

 []


Underfull \hbox (badness 10000) in paragraph at lines 281--284

 []


Underfull \hbox (badness 10000) in paragraph at lines 281--284

 []


Underfull \hbox (badness 1735) in paragraph at lines 281--284
\OML/ztmcm/m/it/10 H[]$\T1/ptm/m/n/10 (+20) : \T1/ptm/m/it/10 (+20) Pres-sure o
f taps on touch screens ex-hibit di-rect
 []

<images/Grid.png, id=250, 1153.30875pt x 673.51625pt>
File: images/Grid.png Graphic file (type png)
<use images/Grid.png>
Package pdftex.def Info: images/Grid.png used on input line 316.
(pdftex.def)             Requested size: 230.46574pt x 134.58781pt.

LaTeX Warning: `h' float specifier changed to `ht'.

LaTeX Font Info:    Font shape `OT1/ptm/bx/n' in size <9> not available
(Font)              Font shape `OT1/ptm/b/n' tried instead on input line 321.
LaTeX Font Info:    Font shape `OT1/ptm/bx/n' in size <7> not available
(Font)              Font shape `OT1/ptm/b/n' tried instead on input line 321.
<images/Datastructure.png, id=257, 456.70625pt x 912.40875pt>
File: images/Datastructure.png Graphic file (type png)
<use images/Datastructure.png>
Package pdftex.def Info: images/Datastructure.png used on input line 324.
(pdftex.def)             Requested size: 153.64644pt x 306.94315pt.

Underfull \vbox (badness 3019) has occurred while \output is active []

[3]

LaTeX Warning: `h' float specifier changed to `ht'.

LaTeX Font Info:    Font shape `T1/ptm/bx/n' in size <10> not available
(Font)              Font shape `T1/ptm/b/n' tried instead on input line 350.
[4 </Users/Kevin/stack/Master Thesis/Thesis/images/Grid.png> </Users/Kevin/stac
k/Master Thesis/Thesis/images/Datastructure.png>] (/Users/Kevin/stack/Master Th
esis/Thesis/tables/Durbin-Watson.tex) (/Users/Kevin/stack/Master Thesis/Thesis/
tables/Collinearity-statistics.tex)
Underfull \hbox (badness 2351) in paragraph at lines 422--424
[]\T1/ptm/m/n/10 (+20) Inspection of cor-re-la-tion co-ef-fi-cients (Ap-pendix 
Mul-ti-
 []

[5]
(/Users/Kevin/stack/Master Thesis/Thesis/tables/regression-coefficients-short.t
ex
Overfull \hbox (7.43486pt too wide) in paragraph at lines 4--19
 [][] 
 []

) (/Users/Kevin/stack/Master Thesis/Thesis/tables/findings.tex) (/Users/Kevin/s
tack/Master Thesis/Thesis/Thesis.bbl [6] [7]) [8

]
(/Users/Kevin/stack/Master Thesis/Thesis/complexfigures/linearrelationships-sca
tterplot.tex
Package epstopdf Info: Source file: <images/linearity/ValMax.eps>
(epstopdf)                    date: 2017-05-11 15:13:40
(epstopdf)                    size: 77809 bytes
(epstopdf)             Output file: <images/linearity/ValMax-eps-converted-to.p
df>
(epstopdf)                    date: 2017-05-11 15:14:17
(epstopdf)                    size: 25129 bytes
(epstopdf)             Command: <repstopdf --outfile=images/linearity/ValMax-ep
s-converted-to.pdf images/linearity/ValMax.eps>
(epstopdf)             \includegraphics on input line 6.
Package epstopdf Info: Output file is already uptodate.

<images/linearity/ValMax-eps-converted-to.pdf, id=387, 200.75pt x 161.60374pt>
File: images/linearity/ValMax-eps-converted-to.pdf Graphic file (type pdf)
<use images/linearity/ValMax-eps-converted-to.pdf>
Package pdftex.def Info: images/linearity/ValMax-eps-converted-to.pdf used on i
nput line 6.
(pdftex.def)             Requested size: 230.46574pt x 185.5371pt.
Package epstopdf Info: Source file: <images/linearity/ValAvg.eps>
(epstopdf)                    date: 2017-05-11 15:13:40
(epstopdf)                    size: 77795 bytes
(epstopdf)             Output file: <images/linearity/ValAvg-eps-converted-to.p
df>
(epstopdf)                    date: 2017-05-11 15:14:55
(epstopdf)                    size: 25127 bytes
(epstopdf)             Command: <repstopdf --outfile=images/linearity/ValAvg-ep
s-converted-to.pdf images/linearity/ValAvg.eps>
(epstopdf)             \includegraphics on input line 13.
Package epstopdf Info: Output file is already uptodate.

<images/linearity/ValAvg-eps-converted-to.pdf, id=388, 200.75pt x 161.60374pt>
File: images/linearity/ValAvg-eps-converted-to.pdf Graphic file (type pdf)
<use images/linearity/ValAvg-eps-converted-to.pdf>
Package pdftex.def Info: images/linearity/ValAvg-eps-converted-to.pdf used on i
nput line 13.
(pdftex.def)             Requested size: 230.46574pt x 185.5371pt.
Package epstopdf Info: Source file: <images/linearity/ArMax.eps>
(epstopdf)                    date: 2017-05-11 15:13:40
(epstopdf)                    size: 78946 bytes
(epstopdf)             Output file: <images/linearity/ArMax-eps-converted-to.pd
f>
(epstopdf)                    date: 2017-05-11 15:15:28
(epstopdf)                    size: 26429 bytes
(epstopdf)             Command: <repstopdf --outfile=images/linearity/ArMax-eps
-converted-to.pdf images/linearity/ArMax.eps>
(epstopdf)             \includegraphics on input line 21.
Package epstopdf Info: Output file is already uptodate.
<images/linearity/ArMax-eps-converted-to.pdf, id=389, 200.75pt x 161.60374pt>
File: images/linearity/ArMax-eps-converted-to.pdf Graphic file (type pdf)
<use images/linearity/ArMax-eps-converted-to.pdf>
Package pdftex.def Info: images/linearity/ArMax-eps-converted-to.pdf used on in
put line 21.
(pdftex.def)             Requested size: 230.46574pt x 185.5371pt.
Package epstopdf Info: Source file: <images/linearity/ArAvg.eps>
(epstopdf)                    date: 2017-05-11 15:13:40
(epstopdf)                    size: 77811 bytes
(epstopdf)             Output file: <images/linearity/ArAvg-eps-converted-to.pd
f>
(epstopdf)                    date: 2017-05-11 15:15:28
(epstopdf)                    size: 25148 bytes
(epstopdf)             Command: <repstopdf --outfile=images/linearity/ArAvg-eps
-converted-to.pdf images/linearity/ArAvg.eps>
(epstopdf)             \includegraphics on input line 28.
Package epstopdf Info: Output file is already uptodate.
<images/linearity/ArAvg-eps-converted-to.pdf, id=390, 200.75pt x 161.60374pt>
File: images/linearity/ArAvg-eps-converted-to.pdf Graphic file (type pdf)
<use images/linearity/ArAvg-eps-converted-to.pdf>
Package pdftex.def Info: images/linearity/ArAvg-eps-converted-to.pdf used on in
put line 28.
(pdftex.def)             Requested size: 230.46574pt x 185.5371pt.
) [9


 </Users/Kevin/stack/Master Thesis/Thesis/images/linearity/ValMax-eps-converted
-to.pdf> </Users/Kevin/stack/Master Thesis/Thesis/images/linearity/ValAvg-eps-c
onverted-to.pdf> </Users/Kevin/stack/Master Thesis/Thesis/images/linearity/ArMa
x-eps-converted-to.pdf> </Users/Kevin/stack/Master Thesis/Thesis/images/lineari
ty/ArAvg-eps-converted-to.pdf>]
(/Users/Kevin/stack/Master Thesis/Thesis/complexfigures/partialregression-valen
ce.tex
Package epstopdf Info: Source file: <images/linearity/partialregression/valence
/ValMaxMax.eps>
(epstopdf)                    date: 2017-05-12 11:04:35
(epstopdf)                    size: 235594 bytes
(epstopdf)             Output file: <images/linearity/partialregression/valence
/ValMaxMax-eps-converted-to.pdf>
(epstopdf)                    date: 2017-05-12 11:23:51
(epstopdf)                    size: 22265 bytes
(epstopdf)             Command: <repstopdf --outfile=images/linearity/partialre
gression/valence/ValMaxMax-eps-converted-to.pdf images/linearity/partialregress
ion/valence/ValMaxMax.eps>
(epstopdf)             \includegraphics on input line 6.
Package epstopdf Info: Output file is already uptodate.

<images/linearity/partialregression/valence/ValMaxMax-eps-converted-to.pdf, id=
439, 199.74625pt x 159.59625pt>
File: images/linearity/partialregression/valence/ValMaxMax-eps-converted-to.pdf
 Graphic file (type pdf)

<use images/linearity/partialregression/valence/ValMaxMax-eps-converted-to.pdf>
Package pdftex.def Info: images/linearity/partialregression/valence/ValMaxMax-e
ps-converted-to.pdf used on input line 6.
(pdftex.def)             Requested size: 230.46574pt x 184.15034pt.
Package epstopdf Info: Source file: <images/linearity/partialregression/valence
/ValMaxTime.eps>
(epstopdf)                    date: 2017-05-12 11:04:06
(epstopdf)                    size: 223638 bytes
(epstopdf)             Output file: <images/linearity/partialregression/valence
/ValMaxTime-eps-converted-to.pdf>
(epstopdf)                    date: 2017-05-12 11:23:51
(epstopdf)                    size: 18838 bytes
(epstopdf)             Command: <repstopdf --outfile=images/linearity/partialre
gression/valence/ValMaxTime-eps-converted-to.pdf images/linearity/partialregres
sion/valence/ValMaxTime.eps>
(epstopdf)             \includegraphics on input line 12.
Package epstopdf Info: Output file is already uptodate.

<images/linearity/partialregression/valence/ValMaxTime-eps-converted-to.pdf, id
=440, 199.74625pt x 159.59625pt>
File: images/linearity/partialregression/valence/ValMaxTime-eps-converted-to.pd
f Graphic file (type pdf)

<use images/linearity/partialregression/valence/ValMaxTime-eps-converted-to.pdf
>
Package pdftex.def Info: images/linearity/partialregression/valence/ValMaxTime-
eps-converted-to.pdf used on input line 12.
(pdftex.def)             Requested size: 230.46574pt x 184.15034pt.
Package epstopdf Info: Source file: <images/linearity/partialregression/valence
/ValAvgAvg.eps>
(epstopdf)                    date: 2017-05-12 11:08:43
(epstopdf)                    size: 233274 bytes
(epstopdf)             Output file: <images/linearity/partialregression/valence
/ValAvgAvg-eps-converted-to.pdf>
(epstopdf)                    date: 2017-05-12 11:30:44
(epstopdf)                    size: 21766 bytes
(epstopdf)             Command: <repstopdf --outfile=images/linearity/partialre
gression/valence/ValAvgAvg-eps-converted-to.pdf images/linearity/partialregress
ion/valence/ValAvgAvg.eps>
(epstopdf)             \includegraphics on input line 22.
Package epstopdf Info: Output file is already uptodate.

<images/linearity/partialregression/valence/ValAvgAvg-eps-converted-to.pdf, id=
441, 199.74625pt x 159.59625pt>
File: images/linearity/partialregression/valence/ValAvgAvg-eps-converted-to.pdf
 Graphic file (type pdf)

<use images/linearity/partialregression/valence/ValAvgAvg-eps-converted-to.pdf>
Package pdftex.def Info: images/linearity/partialregression/valence/ValAvgAvg-e
ps-converted-to.pdf used on input line 22.
(pdftex.def)             Requested size: 230.46574pt x 184.15034pt.
Package epstopdf Info: Source file: <images/linearity/partialregression/valence
/ValAvgTime.eps>
(epstopdf)                    date: 2017-05-12 11:08:20
(epstopdf)                    size: 223591 bytes
(epstopdf)             Output file: <images/linearity/partialregression/valence
/ValAvgTime-eps-converted-to.pdf>
(epstopdf)                    date: 2017-05-12 11:30:45
(epstopdf)                    size: 18799 bytes
(epstopdf)             Command: <repstopdf --outfile=images/linearity/partialre
gression/valence/ValAvgTime-eps-converted-to.pdf images/linearity/partialregres
sion/valence/ValAvgTime.eps>
(epstopdf)             \includegraphics on input line 28.
Package epstopdf Info: Output file is already uptodate.

<images/linearity/partialregression/valence/ValAvgTime-eps-converted-to.pdf, id
=442, 199.74625pt x 159.59625pt>
File: images/linearity/partialregression/valence/ValAvgTime-eps-converted-to.pd
f Graphic file (type pdf)

<use images/linearity/partialregression/valence/ValAvgTime-eps-converted-to.pdf
>
Package pdftex.def Info: images/linearity/partialregression/valence/ValAvgTime-
eps-converted-to.pdf used on input line 28.
(pdftex.def)             Requested size: 230.46574pt x 184.15034pt.
)
(/Users/Kevin/stack/Master Thesis/Thesis/complexfigures/partialregression-arous
al.tex
Package epstopdf Info: Source file: <images/linearity/partialregression/arousal
/ArMaxMax.eps>
(epstopdf)                    date: 2017-05-12 11:17:33
(epstopdf)                    size: 235116 bytes
(epstopdf)             Output file: <images/linearity/partialregression/arousal
/ArMaxMax-eps-converted-to.pdf>
(epstopdf)                    date: 2017-05-12 11:36:02
(epstopdf)                    size: 21943 bytes
(epstopdf)             Command: <repstopdf --outfile=images/linearity/partialre
gression/arousal/ArMaxMax-eps-converted-to.pdf images/linearity/partialregressi
on/arousal/ArMaxMax.eps>
(epstopdf)             \includegraphics on input line 6.
Package epstopdf Info: Output file is already uptodate.

<images/linearity/partialregression/arousal/ArMaxMax-eps-converted-to.pdf, id=4
43, 199.74625pt x 159.59625pt>
File: images/linearity/partialregression/arousal/ArMaxMax-eps-converted-to.pdf 
Graphic file (type pdf)

<use images/linearity/partialregression/arousal/ArMaxMax-eps-converted-to.pdf>
Package pdftex.def Info: images/linearity/partialregression/arousal/ArMaxMax-ep
s-converted-to.pdf used on input line 6.
(pdftex.def)             Requested size: 230.46574pt x 184.15034pt.
Package epstopdf Info: Source file: <images/linearity/partialregression/arousal
/ArMaxTime.eps>
(epstopdf)                    date: 2017-05-12 11:17:22
(epstopdf)                    size: 223161 bytes
(epstopdf)             Output file: <images/linearity/partialregression/arousal
/ArMaxTime-eps-converted-to.pdf>
(epstopdf)                    date: 2017-05-12 11:36:03
(epstopdf)                    size: 18533 bytes
(epstopdf)             Command: <repstopdf --outfile=images/linearity/partialre
gression/arousal/ArMaxTime-eps-converted-to.pdf images/linearity/partialregress
ion/arousal/ArMaxTime.eps>
(epstopdf)             \includegraphics on input line 12.
Package epstopdf Info: Output file is already uptodate.

<images/linearity/partialregression/arousal/ArMaxTime-eps-converted-to.pdf, id=
444, 199.74625pt x 159.59625pt>
File: images/linearity/partialregression/arousal/ArMaxTime-eps-converted-to.pdf
 Graphic file (type pdf)

<use images/linearity/partialregression/arousal/ArMaxTime-eps-converted-to.pdf>
Package pdftex.def Info: images/linearity/partialregression/arousal/ArMaxTime-e
ps-converted-to.pdf used on input line 12.
(pdftex.def)             Requested size: 230.46574pt x 184.15034pt.
Package epstopdf Info: Source file: <images/linearity/partialregression/arousal
/ArAvgAvg.eps>
(epstopdf)                    date: 2017-05-12 11:18:57
(epstopdf)                    size: 232794 bytes
(epstopdf)             Output file: <images/linearity/partialregression/arousal
/ArAvgAvg-eps-converted-to.pdf>
(epstopdf)                    date: 2017-05-12 11:36:03
(epstopdf)                    size: 21467 bytes
(epstopdf)             Command: <repstopdf --outfile=images/linearity/partialre
gression/arousal/ArAvgAvg-eps-converted-to.pdf images/linearity/partialregressi
on/arousal/ArAvgAvg.eps>
(epstopdf)             \includegraphics on input line 22.
Package epstopdf Info: Output file is already uptodate.

<images/linearity/partialregression/arousal/ArAvgAvg-eps-converted-to.pdf, id=4
45, 199.74625pt x 159.59625pt>
File: images/linearity/partialregression/arousal/ArAvgAvg-eps-converted-to.pdf 
Graphic file (type pdf)

<use images/linearity/partialregression/arousal/ArAvgAvg-eps-converted-to.pdf>
Package pdftex.def Info: images/linearity/partialregression/arousal/ArAvgAvg-ep
s-converted-to.pdf used on input line 22.
(pdftex.def)             Requested size: 230.46574pt x 184.15034pt.
Package epstopdf Info: Source file: <images/linearity/partialregression/arousal
/ArAvgTime.eps>
(epstopdf)                    date: 2017-05-12 11:18:35
(epstopdf)                    size: 223087 bytes
(epstopdf)             Output file: <images/linearity/partialregression/arousal
/ArAvgTime-eps-converted-to.pdf>
(epstopdf)                    date: 2017-05-12 11:36:03
(epstopdf)                    size: 18526 bytes
(epstopdf)             Command: <repstopdf --outfile=images/linearity/partialre
gression/arousal/ArAvgTime-eps-converted-to.pdf images/linearity/partialregress
ion/arousal/ArAvgTime.eps>
(epstopdf)             \includegraphics on input line 28.
Package epstopdf Info: Output file is already uptodate.

<images/linearity/partialregression/arousal/ArAvgTime-eps-converted-to.pdf, id=
446, 199.74625pt x 159.59625pt>
File: images/linearity/partialregression/arousal/ArAvgTime-eps-converted-to.pdf
 Graphic file (type pdf)

<use images/linearity/partialregression/arousal/ArAvgTime-eps-converted-to.pdf>
Package pdftex.def Info: images/linearity/partialregression/arousal/ArAvgTime-e
ps-converted-to.pdf used on input line 28.
(pdftex.def)             Requested size: 230.46574pt x 184.15034pt.
) [10

 </Users/Kevin/stack/Master Thesis/Thesis/images/linearity/partialregression/va
lence/ValMaxMax-eps-converted-to.pdf> </Users/Kevin/stack/Master Thesis/Thesis/
images/linearity/partialregression/valence/ValMaxTime-eps-converted-to.pdf> </U
sers/Kevin/stack/Master Thesis/Thesis/images/linearity/partialregression/valenc
e/ValAvgAvg-eps-converted-to.pdf> </Users/Kevin/stack/Master Thesis/Thesis/imag
es/linearity/partialregression/valence/ValAvgTime-eps-converted-to.pdf>] [11 </
Users/Kevin/stack/Master Thesis/Thesis/images/linearity/partialregression/arous
al/ArMaxMax-eps-converted-to.pdf> </Users/Kevin/stack/Master Thesis/Thesis/imag
es/linearity/partialregression/arousal/ArMaxTime-eps-converted-to.pdf> </Users/
Kevin/stack/Master Thesis/Thesis/images/linearity/partialregression/arousal/ArA
vgAvg-eps-converted-to.pdf> </Users/Kevin/stack/Master Thesis/Thesis/images/lin
earity/partialregression/arousal/ArAvgTime-eps-converted-to.pdf>] (/Users/Kevin
/stack/Master Thesis/Thesis/tables/Collinearity-correlations.tex) [12

] (/Users/Kevin/stack/Master Thesis/Thesis/tables/unusualdatapoints-values.tex)
[13

] (/Users/Kevin/stack/Master Thesis/Thesis/complexfigures/normality.tex
Package epstopdf Info: Source file: <images/normality/ValMax/HistValMax.eps>
(epstopdf)                    date: 2017-05-17 08:17:30
(epstopdf)                    size: 442606 bytes
(epstopdf)             Output file: <images/normality/ValMax/HistValMax-eps-con
verted-to.pdf>
(epstopdf)                    date: 2017-05-17 08:45:34
(epstopdf)                    size: 19746 bytes
(epstopdf)             Command: <repstopdf --outfile=images/normality/ValMax/Hi
stValMax-eps-converted-to.pdf images/normality/ValMax/HistValMax.eps>
(epstopdf)             \includegraphics on input line 6.
Package epstopdf Info: Output file is already uptodate.

<images/normality/ValMax/HistValMax-eps-converted-to.pdf, id=492, 300.12125pt x
 239.89626pt>
File: images/normality/ValMax/HistValMax-eps-converted-to.pdf Graphic file (typ
e pdf)
<use images/normality/ValMax/HistValMax-eps-converted-to.pdf>
Package pdftex.def Info: images/normality/ValMax/HistValMax-eps-converted-to.pd
f used on input line 6.
(pdftex.def)             Requested size: 230.46574pt x 184.22284pt.
Package epstopdf Info: Source file: <images/normality/ValMax/PPValMax.eps>
(epstopdf)                    date: 2017-05-17 08:17:39
(epstopdf)                    size: 433925 bytes
(epstopdf)             Output file: <images/normality/ValMax/PPValMax-eps-conve
rted-to.pdf>
(epstopdf)                    date: 2017-05-17 08:45:34
(epstopdf)                    size: 17224 bytes
(epstopdf)             Command: <repstopdf --outfile=images/normality/ValMax/PP
ValMax-eps-converted-to.pdf images/normality/ValMax/PPValMax.eps>
(epstopdf)             \includegraphics on input line 13.
Package epstopdf Info: Output file is already uptodate.

<images/normality/ValMax/PPValMax-eps-converted-to.pdf, id=493, 300.12125pt x 2
39.89626pt>
File: images/normality/ValMax/PPValMax-eps-converted-to.pdf Graphic file (type 
pdf)
<use images/normality/ValMax/PPValMax-eps-converted-to.pdf>
Package pdftex.def Info: images/normality/ValMax/PPValMax-eps-converted-to.pdf 
used on input line 13.
(pdftex.def)             Requested size: 230.46574pt x 184.22284pt.
Package epstopdf Info: Source file: <images/normality/valavg/HistValAvg.eps>
(epstopdf)                    date: 2017-05-17 08:21:00
(epstopdf)                    size: 444348 bytes
(epstopdf)             Output file: <images/normality/valavg/HistValAvg-eps-con
verted-to.pdf>
(epstopdf)                    date: 2017-05-17 09:34:04
(epstopdf)                    size: 20338 bytes
(epstopdf)             Command: <repstopdf --outfile=images/normality/valavg/Hi
stValAvg-eps-converted-to.pdf images/normality/valavg/HistValAvg.eps>
(epstopdf)             \includegraphics on input line 25.
Package epstopdf Info: Output file is already uptodate.

<images/normality/valavg/HistValAvg-eps-converted-to.pdf, id=494, 300.12125pt x
 239.89626pt>
File: images/normality/valavg/HistValAvg-eps-converted-to.pdf Graphic file (typ
e pdf)
<use images/normality/valavg/HistValAvg-eps-converted-to.pdf>
Package pdftex.def Info: images/normality/valavg/HistValAvg-eps-converted-to.pd
f used on input line 25.
(pdftex.def)             Requested size: 230.46574pt x 184.22284pt.
Package epstopdf Info: Source file: <images/normality/valavg/PPValAvg.eps>
(epstopdf)                    date: 2017-05-17 08:21:10
(epstopdf)                    size: 433916 bytes
(epstopdf)             Output file: <images/normality/valavg/PPValAvg-eps-conve
rted-to.pdf>
(epstopdf)                    date: 2017-05-17 09:34:05
(epstopdf)                    size: 17264 bytes
(epstopdf)             Command: <repstopdf --outfile=images/normality/valavg/PP
ValAvg-eps-converted-to.pdf images/normality/valavg/PPValAvg.eps>
(epstopdf)             \includegraphics on input line 32.
Package epstopdf Info: Output file is already uptodate.

<images/normality/valavg/PPValAvg-eps-converted-to.pdf, id=495, 300.12125pt x 2
39.89626pt>
File: images/normality/valavg/PPValAvg-eps-converted-to.pdf Graphic file (type 
pdf)
<use images/normality/valavg/PPValAvg-eps-converted-to.pdf>
Package pdftex.def Info: images/normality/valavg/PPValAvg-eps-converted-to.pdf 
used on input line 32.
(pdftex.def)             Requested size: 230.46574pt x 184.22284pt.
Package epstopdf Info: Source file: <images/normality/ArMax/HistArMax.eps>
(epstopdf)                    date: 2017-05-17 08:23:35
(epstopdf)                    size: 441904 bytes
(epstopdf)             Output file: <images/normality/ArMax/HistArMax-eps-conve
rted-to.pdf>
(epstopdf)                    date: 2017-05-17 09:35:26
(epstopdf)                    size: 19580 bytes
(epstopdf)             Command: <repstopdf --outfile=images/normality/ArMax/His
tArMax-eps-converted-to.pdf images/normality/ArMax/HistArMax.eps>
(epstopdf)             \includegraphics on input line 44.
Package epstopdf Info: Output file is already uptodate.

<images/normality/ArMax/HistArMax-eps-converted-to.pdf, id=496, 300.12125pt x 2
39.89626pt>
File: images/normality/ArMax/HistArMax-eps-converted-to.pdf Graphic file (type 
pdf)
<use images/normality/ArMax/HistArMax-eps-converted-to.pdf>
Package pdftex.def Info: images/normality/ArMax/HistArMax-eps-converted-to.pdf 
used on input line 44.
(pdftex.def)             Requested size: 230.46574pt x 184.22284pt.
Package epstopdf Info: Source file: <images/normality/ArMax/PPArMax.eps>
(epstopdf)                    date: 2017-05-17 08:23:23
(epstopdf)                    size: 433850 bytes
(epstopdf)             Output file: <images/normality/ArMax/PPArMax-eps-convert
ed-to.pdf>
(epstopdf)                    date: 2017-05-17 09:35:58
(epstopdf)                    size: 17251 bytes
(epstopdf)             Command: <repstopdf --outfile=images/normality/ArMax/PPA
rMax-eps-converted-to.pdf images/normality/ArMax/PPArMax.eps>
(epstopdf)             \includegraphics on input line 51.
Package epstopdf Info: Output file is already uptodate.

<images/normality/ArMax/PPArMax-eps-converted-to.pdf, id=497, 300.12125pt x 239
.89626pt>
File: images/normality/ArMax/PPArMax-eps-converted-to.pdf Graphic file (type pd
f)
<use images/normality/ArMax/PPArMax-eps-converted-to.pdf>
Package pdftex.def Info: images/normality/ArMax/PPArMax-eps-converted-to.pdf us
ed on input line 51.
(pdftex.def)             Requested size: 230.46574pt x 184.22284pt.
Package epstopdf Info: Source file: <images/normality/aravg/HistArAvg.eps>
(epstopdf)                    date: 2017-05-17 08:25:42
(epstopdf)                    size: 443045 bytes
(epstopdf)             Output file: <images/normality/aravg/HistArAvg-eps-conve
rted-to.pdf>
(epstopdf)                    date: 2017-05-17 09:37:23
(epstopdf)                    size: 19935 bytes
(epstopdf)             Command: <repstopdf --outfile=images/normality/aravg/His
tArAvg-eps-converted-to.pdf images/normality/aravg/HistArAvg.eps>
(epstopdf)             \includegraphics on input line 63.
Package epstopdf Info: Output file is already uptodate.

<images/normality/aravg/HistArAvg-eps-converted-to.pdf, id=498, 300.12125pt x 2
39.89626pt>
File: images/normality/aravg/HistArAvg-eps-converted-to.pdf Graphic file (type 
pdf)
<use images/normality/aravg/HistArAvg-eps-converted-to.pdf>
Package pdftex.def Info: images/normality/aravg/HistArAvg-eps-converted-to.pdf 
used on input line 63.
(pdftex.def)             Requested size: 230.46574pt x 184.22284pt.
Package epstopdf Info: Source file: <images/normality/aravg/PPArAvg.eps>
(epstopdf)                    date: 2017-05-17 08:25:53
(epstopdf)                    size: 433807 bytes
(epstopdf)             Output file: <images/normality/aravg/PPArAvg-eps-convert
ed-to.pdf>
(epstopdf)                    date: 2017-05-17 09:37:23
(epstopdf)                    size: 17277 bytes
(epstopdf)             Command: <repstopdf --outfile=images/normality/aravg/PPA
rAvg-eps-converted-to.pdf images/normality/aravg/PPArAvg.eps>
(epstopdf)             \includegraphics on input line 70.
Package epstopdf Info: Output file is already uptodate.

<images/normality/aravg/PPArAvg-eps-converted-to.pdf, id=499, 300.12125pt x 239
.89626pt>
File: images/normality/aravg/PPArAvg-eps-converted-to.pdf Graphic file (type pd
f)
<use images/normality/aravg/PPArAvg-eps-converted-to.pdf>
Package pdftex.def Info: images/normality/aravg/PPArAvg-eps-converted-to.pdf us
ed on input line 70.
(pdftex.def)             Requested size: 230.46574pt x 184.22284pt.
) [14

 </Users/Kevin/stack/Master Thesis/Thesis/images/normality/ValMax/HistValMax-ep
s-converted-to.pdf> </Users/Kevin/stack/Master Thesis/Thesis/images/normality/V
alMax/PPValMax-eps-converted-to.pdf> </Users/Kevin/stack/Master Thesis/Thesis/i
mages/normality/valavg/HistValAvg-eps-converted-to.pdf> </Users/Kevin/stack/Mas
ter Thesis/Thesis/images/normality/valavg/PPValAvg-eps-converted-to.pdf>] [15 <
/Users/Kevin/stack/Master Thesis/Thesis/images/normality/ArMax/HistArMax-eps-co
nverted-to.pdf> </Users/Kevin/stack/Master Thesis/Thesis/images/normality/ArMax
/PPArMax-eps-converted-to.pdf> </Users/Kevin/stack/Master Thesis/Thesis/images/
normality/aravg/HistArAvg-eps-converted-to.pdf> </Users/Kevin/stack/Master Thes
is/Thesis/images/normality/aravg/PPArAvg-eps-converted-to.pdf>] (/Users/Kevin/s
tack/Master Thesis/Thesis/tables/regression-coefficients.tex)
Package atveryend Info: Empty hook `BeforeClearDocument' on input line 533.
[16

]
Package atveryend Info: Empty hook `AfterLastShipout' on input line 533.
(/Users/Kevin/stack/Master Thesis/Thesis/Thesis.aux)
Package atveryend Info: Empty hook `AtVeryEndDocument' on input line 533.
Package atveryend Info: Executing hook `AtEndAfterFileList' on input line 533.
Package rerunfilecheck Info: File `Thesis.out' has not changed.
(rerunfilecheck)             Checksum: 22D2F64B1E76DF7B9DE1CC76321F9D03;2455.
Package atveryend Info: Empty hook `AtVeryVeryEnd' on input line 533.
 ) 
Here is how much of TeX's memory you used:
 12179 strings out of 493014
 189620 string characters out of 6133351
 312384 words of memory out of 5000000
 15036 multiletter control sequences out of 15000+600000
 95298 words of font info for 257 fonts, out of 8000000 for 9000
 1141 hyphenation exceptions out of 8191
 59i,14n,94p,1525b,596s stack positions out of 5000i,500n,10000p,200000b,80000s
{/usr/local/texlive/2016/texmf-dist/fonts/enc/dvips/base/8r.enc}</usr/local/t
exlive/2016/texmf-dist/fonts/type1/public/amsfonts/cm/cmmi10.pfb></usr/local/te
xlive/2016/texmf-dist/fonts/type1/public/amsfonts/cm/cmsy10.pfb></usr/local/tex
live/2016/texmf-dist/fonts/type1/public/txfonts/t1xbtt.pfb></usr/local/texlive/
2016/texmf-dist/fonts/type1/public/txfonts/t1xtt.pfb></usr/local/texlive/2016/t
exmf-dist/fonts/type1/urw/helvetic/uhvb8a.pfb></usr/local/texlive/2016/texmf-di
st/fonts/type1/urw/helvetic/uhvro8a.pfb></usr/local/texlive/2016/texmf-dist/fon
ts/type1/urw/symbol/usyr.pfb></usr/local/texlive/2016/texmf-dist/fonts/type1/ur
w/times/utmb8a.pfb></usr/local/texlive/2016/texmf-dist/fonts/type1/urw/times/ut
mr8a.pfb></usr/local/texlive/2016/texmf-dist/fonts/type1/urw/times/utmri8a.pfb>
Output written on "/Users/Kevin/stack/Master Thesis/Thesis/Thesis.pdf" (16 page
s, 1062778 bytes).
PDF statistics:
 612 PDF objects out of 1000 (max. 8388607)
 533 compressed objects within 6 object streams
 185 named destinations out of 1000 (max. 500000)
 33689 words of extra memory for PDF output out of 35830 (max. 10000000)

